Partition Merge report for lights
Sat Mar 26 17:48:01 2016
Quartus II 32-bit Version 11.1 Build 259 01/25/2012 Service Pack 2 SJ Web Edition


---------------------
; Table of Contents ;
---------------------
  1. Legal Notice
  2. Partition Merge Summary
  3. Partition Merge Netlist Types Used
  4. Connections to In-System Debugging Instance "auto_signaltap_0"
  5. Partition Merge Partition Statistics
  6. Partition Merge Resource Usage Summary
  7. Partition Merge RAM Summary
  8. Partition Merge Messages



----------------
; Legal Notice ;
----------------
Copyright (C) 1991-2011 Altera Corporation
Your use of Altera Corporation's design tools, logic functions 
and other software and tools, and its AMPP partner logic 
functions, and any output files from any of the foregoing 
(including device programming or simulation files), and any 
associated documentation or information are expressly subject 
to the terms and conditions of the Altera Program License 
Subscription Agreement, Altera MegaCore Function License 
Agreement, or other applicable license agreement, including, 
without limitation, that your use is for the sole purpose of 
programming logic devices manufactured by Altera and sold by 
Altera or its authorized distributors.  Please refer to the 
applicable agreement for further details.



+------------------------------------------------------------------------------------+
; Partition Merge Summary                                                            ;
+------------------------------------+-----------------------------------------------+
; Partition Merge Status             ; Successful - Sat Mar 26 17:48:01 2016         ;
; Quartus II 32-bit Version          ; 11.1 Build 259 01/25/2012 SP 2 SJ Web Edition ;
; Revision Name                      ; lights                                        ;
; Top-level Entity Name              ; lights                                        ;
; Family                             ; Cyclone II                                    ;
; Total logic elements               ; 1,037                                         ;
;     Total combinational functions  ; 693                                           ;
;     Dedicated logic registers      ; 652                                           ;
; Total registers                    ; 652                                           ;
; Total pins                         ; 78                                            ;
; Total virtual pins                 ; 0                                             ;
; Total memory bits                  ; 2,176                                         ;
; Embedded Multiplier 9-bit elements ; 0                                             ;
; Total PLLs                         ; 0                                             ;
+------------------------------------+-----------------------------------------------+


+-------------------------------------------------------------------------------------------------------------------------------+
; Partition Merge Netlist Types Used                                                                                            ;
+--------------------------------+----------------+-------------------+------------------------+--------------------------------+
; Partition Name                 ; Partition Type ; Netlist Type Used ; Netlist Type Requested ; Partition Contents             ;
+--------------------------------+----------------+-------------------+------------------------+--------------------------------+
; Top                            ; User-created   ; Source File       ; Source File            ;                                ;
; sld_hub:auto_hub               ; Auto-generated ; Post-Synthesis    ; Post-Synthesis         ; sld_hub:auto_hub               ;
; sld_signaltap:auto_signaltap_0 ; Auto-generated ; Post-Synthesis    ; Post-Synthesis         ; sld_signaltap:auto_signaltap_0 ;
; hard_block:auto_generated_inst ; Auto-generated ; Source File       ; Source File            ; hard_block:auto_generated_inst ;
+--------------------------------+----------------+-------------------+------------------------+--------------------------------+


+---------------------------------------------------------------------------------------------------------------------------------+
; Connections to In-System Debugging Instance "auto_signaltap_0"                                                                  ;
+---------------------------+--------------+-----------+----------------+-------------------+---------------------------+---------+
; Name                      ; Type         ; Status    ; Partition Name ; Netlist Type Used ; Actual Connection         ; Details ;
+---------------------------+--------------+-----------+----------------+-------------------+---------------------------+---------+
; SW[0]                     ; post-fitting ; connected ; Top            ; post-synthesis    ; SW[0]                     ; N/A     ;
; SW[0]                     ; post-fitting ; connected ; Top            ; post-synthesis    ; SW[0]                     ; N/A     ;
; auto_stp_external_clock_0 ; dynamic pin  ; connected ; Top            ; post-synthesis    ; auto_stp_external_clock_0 ; N/A     ;
+---------------------------+--------------+-----------+----------------+-------------------+---------------------------+---------+


+-----------------------------------------------------------------------------------------------------------------------------------------+
; Partition Merge Partition Statistics                                                                                                    ;
+---------------------------------------------+------+------------------+--------------------------------+--------------------------------+
; Statistic                                   ; Top  ; sld_hub:auto_hub ; sld_signaltap:auto_signaltap_0 ; hard_block:auto_generated_inst ;
+---------------------------------------------+------+------------------+--------------------------------+--------------------------------+
; Estimated Total logic elements              ; 634  ; 115              ; 288                            ; 0                              ;
;                                             ;      ;                  ;                                ;                                ;
; Total combinational functions               ; 400  ; 105              ; 188                            ; 0                              ;
; Logic element usage by number of LUT inputs ;      ;                  ;                                ;                                ;
;     -- 4 input functions                    ; 269  ; 42               ; 96                             ; 0                              ;
;     -- 3 input functions                    ; 73   ; 41               ; 47                             ; 0                              ;
;     -- <=2 input functions                  ; 58   ; 22               ; 45                             ; 0                              ;
;                                             ;      ;                  ;                                ;                                ;
; Logic elements by mode                      ;      ;                  ;                                ;                                ;
;     -- normal mode                          ; 369  ; 101              ; 158                            ; 0                              ;
;     -- arithmetic mode                      ; 31   ; 4                ; 30                             ; 0                              ;
;                                             ;      ;                  ;                                ;                                ;
; Total registers                             ; 361  ; 73               ; 218                            ; 0                              ;
;     -- Dedicated logic registers            ; 361  ; 73               ; 218                            ; 0                              ;
;     -- I/O registers                        ; 0    ; 0                ; 0                              ; 0                              ;
;                                             ;      ;                  ;                                ;                                ;
; Virtual pins                                ; 0    ; 0                ; 0                              ; 0                              ;
; I/O pins                                    ; 77   ; 0                ; 1                              ; 0                              ;
; Embedded Multiplier 9-bit elements          ; 0    ; 0                ; 0                              ; 0                              ;
; Total memory bits                           ; 2048 ; 0                ; 128                            ; 0                              ;
; Total RAM block bits                        ; 0    ; 0                ; 0                              ; 0                              ;
; JTAG                                        ; 1    ; 0                ; 0                              ; 0                              ;
;                                             ;      ;                  ;                                ;                                ;
; Connections                                 ;      ;                  ;                                ;                                ;
;     -- Input Connections                    ; 1    ; 112              ; 226                            ; 0                              ;
;     -- Registered Input Connections         ; 0    ; 82               ; 130                            ; 0                              ;
;     -- Output Connections                   ; 220  ; 118              ; 1                              ; 0                              ;
;     -- Registered Output Connections        ; 0    ; 117              ; 0                              ; 0                              ;
;                                             ;      ;                  ;                                ;                                ;
; Internal Connections                        ;      ;                  ;                                ;                                ;
;     -- Total Connections                    ; 2828 ; 688              ; 1323                           ; 0                              ;
;     -- Registered Connections               ; 913  ; 512              ; 618                            ; 0                              ;
;                                             ;      ;                  ;                                ;                                ;
; External Connections                        ;      ;                  ;                                ;                                ;
;     -- Top                                  ; 0    ; 104              ; 117                            ; 0                              ;
;     -- sld_hub:auto_hub                     ; 104  ; 16               ; 110                            ; 0                              ;
;     -- sld_signaltap:auto_signaltap_0       ; 117  ; 110              ; 0                              ; 0                              ;
;     -- hard_block:auto_generated_inst       ; 0    ; 0                ; 0                              ; 0                              ;
;                                             ;      ;                  ;                                ;                                ;
; Partition Interface                         ;      ;                  ;                                ;                                ;
;     -- Input Ports                          ; 27   ; 18               ; 59                             ; 0                              ;
;     -- Output Ports                         ; 55   ; 36               ; 12                             ; 0                              ;
;     -- Bidir Ports                          ; 0    ; 0                ; 0                              ; 0                              ;
;                                             ;      ;                  ;                                ;                                ;
; Registered Ports                            ;      ;                  ;                                ;                                ;
;     -- Registered Input Ports               ; 0    ; 4                ; 6                              ; 0                              ;
;     -- Registered Output Ports              ; 0    ; 26               ; 1                              ; 0                              ;
;                                             ;      ;                  ;                                ;                                ;
; Port Connectivity                           ;      ;                  ;                                ;                                ;
;     -- Input Ports driven by GND            ; 0    ; 1                ; 0                              ; 0                              ;
;     -- Output Ports driven by GND           ; 0    ; 0                ; 0                              ; 0                              ;
;     -- Input Ports driven by VCC            ; 0    ; 0                ; 0                              ; 0                              ;
;     -- Output Ports driven by VCC           ; 0    ; 0                ; 0                              ; 0                              ;
;     -- Input Ports with no Source           ; 0    ; 0                ; 35                             ; 0                              ;
;     -- Output Ports with no Source          ; 0    ; 0                ; 0                              ; 0                              ;
;     -- Input Ports with no Fanout           ; 0    ; 1                ; 40                             ; 0                              ;
;     -- Output Ports with no Fanout          ; 0    ; 14               ; 3                              ; 0                              ;
+---------------------------------------------+------+------------------+--------------------------------+--------------------------------+
Note: Resource usage numbers presented for Partitions containing post-synthesis logic are estimates.  For Partitions containing post-fit logic, resource usage numbers are accurate based on previous placement information.  Actual Fitter results may vary depending on current Fitter Preservation Level assignments.


+------------------------------------------------------+
; Partition Merge Resource Usage Summary               ;
+---------------------------------------------+--------+
; Resource                                    ; Usage  ;
+---------------------------------------------+--------+
; Estimated Total logic elements              ; 1,037  ;
;                                             ;        ;
; Total combinational functions               ; 693    ;
; Logic element usage by number of LUT inputs ;        ;
;     -- 4 input functions                    ; 407    ;
;     -- 3 input functions                    ; 161    ;
;     -- <=2 input functions                  ; 125    ;
;                                             ;        ;
; Logic elements by mode                      ;        ;
;     -- normal mode                          ; 628    ;
;     -- arithmetic mode                      ; 65     ;
;                                             ;        ;
; Total registers                             ; 652    ;
;     -- Dedicated logic registers            ; 652    ;
;     -- I/O registers                        ; 0      ;
;                                             ;        ;
; I/O pins                                    ; 78     ;
; Total memory bits                           ; 2176   ;
; Maximum fan-out node                        ; KEY[0] ;
; Maximum fan-out                             ; 377    ;
; Total fan-out                               ; 4497   ;
; Average fan-out                             ; 3.11   ;
+---------------------------------------------+--------+


+--------------------------------------------------------------------------------------------------------------------------------------------------------------------------------------------------------------------------------------------------------------------+
; Partition Merge RAM Summary                                                                                                                                                                                                                                        ;
+----------------------------------------------------------------------------------------------------------------------------------------------------------------+------+------------------+--------------+--------------+--------------+--------------+------+------+
; Name                                                                                                                                                           ; Type ; Mode             ; Port A Depth ; Port A Width ; Port B Depth ; Port B Width ; Size ; MIF  ;
+----------------------------------------------------------------------------------------------------------------------------------------------------------------+------+------------------+--------------+--------------+--------------+--------------+------+------+
; nios_system:comb_3|onchip_memory2_0:the_onchip_memory2_0|altsyncram:the_altsyncram|altsyncram_j1g1:auto_generated|ALTSYNCRAM                                   ; AUTO ; Single Port      ; 128          ; 32           ; --           ; --           ; 4096 ; None ;
; sld_signaltap:auto_signaltap_0|sld_signaltap_impl:sld_signaltap_body|altsyncram:\stp_non_zero_ram_gen:stp_buffer_ram|altsyncram_gm14:auto_generated|ALTSYNCRAM ; AUTO ; Simple Dual Port ; 128          ; 1            ; 128          ; 1            ; 128  ; None ;
+----------------------------------------------------------------------------------------------------------------------------------------------------------------+------+------------------+--------------+--------------+--------------+--------------+------+------+


+--------------------------+
; Partition Merge Messages ;
+--------------------------+
Info: *******************************************************************
Info: Running Quartus II 32-bit Partition Merge
    Info: Version 11.1 Build 259 01/25/2012 Service Pack 2 SJ Web Edition
    Info: Processing started: Sat Mar 26 17:48:00 2016
Info: Command: quartus_cdb --read_settings_files=off --write_settings_files=off lights -c lights --merge=on
Info (35007): Using synthesis netlist for partition "Top"
Info (35007): Using synthesis netlist for partition "sld_hub:auto_hub"
Info (35007): Using synthesis netlist for partition "sld_signaltap:auto_signaltap_0"
Info (35024): Succesfully connected in-system debug instance "auto_signaltap_0" to all 3 required data inputs, trigger inputs, acquisition clocks, and dynamic pins
Info (35002): Resolved and merged 3 partition(s)
Info (16010): Generating hard_block partition "hard_block:auto_generated_inst"
Warning (21074): Design contains 5 input pin(s) that do not drive logic
    Warning (15610): No output dependent on input pin "SW[16]"
    Warning (15610): No output dependent on input pin "SW[17]"
    Warning (15610): No output dependent on input pin "KEY[1]"
    Warning (15610): No output dependent on input pin "KEY[2]"
    Warning (15610): No output dependent on input pin "CLOCK_50"
Info (21057): Implemented 1189 device resources after synthesis - the final resource count might be different
    Info (21058): Implemented 27 input pins
    Info (21059): Implemented 55 output pins
    Info (21061): Implemented 1089 logic cells
    Info (21064): Implemented 17 RAM segments
Info: Quartus II 32-bit Partition Merge was successful. 0 errors, 6 warnings
    Info: Peak virtual memory: 345 megabytes
    Info: Processing ended: Sat Mar 26 17:48:01 2016
    Info: Elapsed time: 00:00:01
    Info: Total CPU time (on all processors): 00:00:01


